This is pdfTeX, Version 3.14159265-2.6-1.40.17 (TeX Live 2016) (preloaded format=pdflatex 2016.9.27)  3 JAN 2017 14:56
entering extended mode
 restricted \write18 enabled.
 %&-line parsing enabled.
**2017-01-02-Introduction-to-VI.tex
(./2017-01-02-Introduction-to-VI.tex
LaTeX2e <2016/03/31>
Babel <3.9r> and hyphenation patterns for 22 language(s) loaded.
(/usr/local/texlive/2016basic/texmf-dist/tex/latex/amscls/amsart.cls
Document Class: amsart 2015/03/04 v2.20.2
\linespacing=\dimen102
\normalparindent=\dimen103
\normaltopskip=\skip41
(/usr/local/texlive/2016basic/texmf-dist/tex/latex/amsmath/amsmath.sty
Package: amsmath 2016/03/10 v2.15b AMS math features
\@mathmargin=\skip42

For additional information on amsmath, use the `?' option.
(/usr/local/texlive/2016basic/texmf-dist/tex/latex/amsmath/amstext.sty
Package: amstext 2000/06/29 v2.01 AMS text

(/usr/local/texlive/2016basic/texmf-dist/tex/latex/amsmath/amsgen.sty
File: amsgen.sty 1999/11/30 v2.0 generic functions
\@emptytoks=\toks14
\ex@=\dimen104
))
(/usr/local/texlive/2016basic/texmf-dist/tex/latex/amsmath/amsbsy.sty
Package: amsbsy 1999/11/29 v1.2d Bold Symbols
\pmbraise@=\dimen105
)
(/usr/local/texlive/2016basic/texmf-dist/tex/latex/amsmath/amsopn.sty
Package: amsopn 2016/03/08 v2.02 operator names
)
\inf@bad=\count79
LaTeX Info: Redefining \frac on input line 199.
\uproot@=\count80
\leftroot@=\count81
LaTeX Info: Redefining \overline on input line 297.
\classnum@=\count82
\DOTSCASE@=\count83
LaTeX Info: Redefining \ldots on input line 394.
LaTeX Info: Redefining \dots on input line 397.
LaTeX Info: Redefining \cdots on input line 518.
\Mathstrutbox@=\box26
\strutbox@=\box27
\big@size=\dimen106
LaTeX Font Info:    Redeclaring font encoding OML on input line 634.
LaTeX Font Info:    Redeclaring font encoding OMS on input line 635.
\macc@depth=\count84
\c@MaxMatrixCols=\count85
\dotsspace@=\muskip10
\c@parentequation=\count86
\dspbrk@lvl=\count87
\tag@help=\toks15
\row@=\count88
\column@=\count89
\maxfields@=\count90
\andhelp@=\toks16
\eqnshift@=\dimen107
\alignsep@=\dimen108
\tagshift@=\dimen109
\tagwidth@=\dimen110
\totwidth@=\dimen111
\lineht@=\dimen112
\@envbody=\toks17
\multlinegap=\skip43
\multlinetaggap=\skip44
\mathdisplay@stack=\toks18
LaTeX Info: Redefining \[ on input line 2739.
LaTeX Info: Redefining \] on input line 2740.
)
LaTeX Font Info:    Try loading font information for U+msa on input line 388.

(/usr/local/texlive/2016basic/texmf-dist/tex/latex/amsfonts/umsa.fd
File: umsa.fd 2013/01/14 v3.01 AMS symbols A
)
(/usr/local/texlive/2016basic/texmf-dist/tex/latex/amsfonts/amsfonts.sty
Package: amsfonts 2013/01/14 v3.01 Basic AMSFonts support


Package amsfonts Warning: The 'psamsfonts' option is obsolete in AMSFonts v3.

\symAMSa=\mathgroup4
\symAMSb=\mathgroup5
LaTeX Font Info:    Overwriting math alphabet `\mathfrak' in version `bold'
(Font)                  U/euf/m/n --> U/euf/b/n on input line 106.
)
\copyins=\insert199
\abstractbox=\box28
\listisep=\skip45
\c@part=\count91
\c@section=\count92
\c@subsection=\count93
\c@subsubsection=\count94
\c@paragraph=\count95
\c@subparagraph=\count96
\c@figure=\count97
\c@table=\count98
\abovecaptionskip=\skip46
\belowcaptionskip=\skip47
\captionindent=\dimen113
\thm@style=\toks19
\thm@bodyfont=\toks20
\thm@headfont=\toks21
\thm@notefont=\toks22
\thm@headpunct=\toks23
\thm@preskip=\skip48
\thm@postskip=\skip49
\thm@headsep=\skip50
\dth@everypar=\toks24
) (/usr/local/texlive/2016basic/texmf-dist/tex/latex/amsfonts/amssymb.sty
Package: amssymb 2013/01/14 v3.01 AMS font symbols
)
(/usr/local/texlive/2016basic/texmf-dist/tex/latex/tools/enumerate.sty
Package: enumerate 2015/07/23 v3.00 enumerate extensions (DPC)
\@enLab=\toks25
)
(/usr/local/texlive/2016basic/texmf-dist/tex/latex/jknapltx/mathrsfs.sty
Package: mathrsfs 1996/01/01 Math RSFS package v1.0 (jk)
\symrsfs=\mathgroup6
)
\c@thm=\count99

\bibstyle{plain}
(./2017-01-02-Introduction-to-VI.aux)
\openout1 = `2017-01-02-Introduction-to-VI.aux'.

LaTeX Font Info:    Checking defaults for OML/cmm/m/it on input line 51.
LaTeX Font Info:    ... okay on input line 51.
LaTeX Font Info:    Checking defaults for T1/cmr/m/n on input line 51.
LaTeX Font Info:    ... okay on input line 51.
LaTeX Font Info:    Checking defaults for OT1/cmr/m/n on input line 51.
LaTeX Font Info:    ... okay on input line 51.
LaTeX Font Info:    Checking defaults for OMS/cmsy/m/n on input line 51.
LaTeX Font Info:    ... okay on input line 51.
LaTeX Font Info:    Checking defaults for OMX/cmex/m/n on input line 51.
LaTeX Font Info:    ... okay on input line 51.
LaTeX Font Info:    Checking defaults for U/cmr/m/n on input line 51.
LaTeX Font Info:    ... okay on input line 51.
LaTeX Font Info:    Try loading font information for U+msa on input line 51.

(/usr/local/texlive/2016basic/texmf-dist/tex/latex/amsfonts/umsa.fd
File: umsa.fd 2013/01/14 v3.01 AMS symbols A
)
LaTeX Font Info:    Try loading font information for U+msb on input line 51.

(/usr/local/texlive/2016basic/texmf-dist/tex/latex/amsfonts/umsb.fd
File: umsb.fd 2013/01/14 v3.01 AMS symbols B
)
LaTeX Font Info:    Try loading font information for U+rsfs on input line 51.

(/usr/local/texlive/2016basic/texmf-dist/tex/latex/jknapltx/ursfs.fd
File: ursfs.fd 1998/03/24 rsfs font definition file (jk)
) [1{/usr/local/texlive/2016basic/texmf-var/fonts/map/pdftex/updmap/pdftex.map}
] [2]
Overfull \hbox (1.23433pt too wide) detected at line 114
\OML/cmm/m/it/10 E[]\OT1/cmr/m/n/10 [\OML/cmm/m/it/10 E[]\OT1/cmr/m/n/10 [[] \O
ML/cmm/m/it/10 p\OT1/cmr/m/n/10 (\OML/cmm/m/it/10 z[]; z[]; x\OT1/cmr/m/n/10 )]
] \OMS/cmsy/m/n/10 ^^@ \OML/cmm/m/it/10 E[]\OT1/cmr/m/n/10 [[] \OML/cmm/m/it/10
 q[]\OT1/cmr/m/n/10 (\OML/cmm/m/it/10 z[]\OT1/cmr/m/n/10 )] \OMS/cmsy/m/n/10 ^^
Q ^^@\OML/cmm/m/it/10 KL\OT1/cmr/m/n/10 (\OML/cmm/m/it/10 q[]\OT1/cmr/m/n/10 (\
OML/cmm/m/it/10 z[]\OT1/cmr/m/n/10 )\OMS/cmsy/m/n/10 k []f\OML/cmm/m/it/10 E[]\
OT1/cmr/m/n/10 [[] \OML/cmm/m/it/10 p\OT1/cmr/m/n/10 (\OML/cmm/m/it/10 z[]\OMS/
cmsy/m/n/10 j\OML/cmm/m/it/10 z[]; x\OT1/cmr/m/n/10 )]\OMS/cmsy/m/n/10 g\OT1/cm
r/m/n/10 )
 []

Missing character: There is no ‚ in font cmr8!
Missing character: There is no Ä in font cmr8!
Missing character: There is no ú in font cmr8!
Missing character: There is no ¬ in font cmr8!
Missing character: There is no ¥ in font cmr8!
Missing character: There is no ¬ in font cmr8!
Missing character: There is no ¥ in font cmr8!
Missing character: There is no ¬ in font cmr8!
Missing character: There is no ¥ in font cmr8!
Missing character: There is no ¬ in font cmr8!
Missing character: There is no ¥ in font cmr8!
Missing character: There is no ‚ in font cmr8!
Missing character: There is no Ä in font cmr8!
Missing character: There is no ù in font cmr8!
Missing character: There is no ‚ in font cmr8!
Missing character: There is no Ä in font cmr8!
Missing character: There is no ì in font cmr8!
[3] (./2017-01-02-Introduction-to-VI.aux) ) 
Here is how much of TeX's memory you used:
 1696 strings out of 494447
 18969 string characters out of 6166766
 70948 words of memory out of 5000000
 4899 multiletter control sequences out of 15000+600000
 9872 words of font info for 41 fonts, out of 8000000 for 9000
 480 hyphenation exceptions out of 8191
 34i,5n,32p,454b,236s stack positions out of 5000i,500n,10000p,200000b,80000s
</usr/local/texlive/2016basic/texmf-
dist/fonts/type1/public/amsfonts/cm/cmbx10.pfb></usr/local/texlive/2016basic/te
xmf-dist/fonts/type1/public/amsfonts/cm/cmcsc10.pfb></usr/local/texlive/2016bas
ic/texmf-dist/fonts/type1/public/amsfonts/cm/cmex10.pfb></usr/local/texlive/201
6basic/texmf-dist/fonts/type1/public/amsfonts/cm/cmmi10.pfb></usr/local/texlive
/2016basic/texmf-dist/fonts/type1/public/amsfonts/cm/cmmi5.pfb></usr/local/texl
ive/2016basic/texmf-dist/fonts/type1/public/amsfonts/cm/cmmi7.pfb></usr/local/t
exlive/2016basic/texmf-dist/fonts/type1/public/amsfonts/cm/cmr10.pfb></usr/loca
l/texlive/2016basic/texmf-dist/fonts/type1/public/amsfonts/cm/cmr5.pfb></usr/lo
cal/texlive/2016basic/texmf-dist/fonts/type1/public/amsfonts/cm/cmr7.pfb></usr/
local/texlive/2016basic/texmf-dist/fonts/type1/public/amsfonts/cm/cmr8.pfb></us
r/local/texlive/2016basic/texmf-dist/fonts/type1/public/amsfonts/cm/cmsy10.pfb>
</usr/local/texlive/2016basic/texmf-dist/fonts/type1/public/amsfonts/cm/cmsy7.p
fb>
Output written on 2017-01-02-Introduction-to-VI.pdf (3 pages, 146734 bytes).
PDF statistics:
 62 PDF objects out of 1000 (max. 8388607)
 44 compressed objects within 1 object stream
 0 named destinations out of 1000 (max. 500000)
 1 words of extra memory for PDF output out of 10000 (max. 10000000)

